make --dry-run --keep-going --print-directory
make: Entering directory '/home/felipe/Documentos/Lunix'
/usr/local/i386elfgcc/bin/i386-elf-gcc -g -ffreestanding -Wall -Wextra -fno-exceptions -m32 -gdwarf-4 -Iinc/ -c kern/kernel.c -o kern/kernel.o
nasm arch/i386/interrupt.asm -f elf -o arch/i386/interrupt.o
/usr/local/i386elfgcc/bin/i386-elf-gcc -g -ffreestanding -Wall -Wextra -fno-exceptions -m32 -gdwarf-4 -Iinc/ -c kern/panic.c -o kern/panic.o
/usr/local/i386elfgcc/bin/i386-elf-gcc -g -ffreestanding -Wall -Wextra -fno-exceptions -m32 -gdwarf-4 -Iinc/ -c kern/shell.c -o kern/shell.o
/usr/local/i386elfgcc/bin/i386-elf-gcc -g -ffreestanding -Wall -Wextra -fno-exceptions -m32 -gdwarf-4 -Iinc/ -c drivers/console/console.c -o drivers/console/console.o
/usr/local/i386elfgcc/bin/i386-elf-gcc -g -ffreestanding -Wall -Wextra -fno-exceptions -m32 -gdwarf-4 -Iinc/ -c drivers/keyboard/keyboard.c -o drivers/keyboard/keyboard.o
/usr/local/i386elfgcc/bin/i386-elf-gcc -g -ffreestanding -Wall -Wextra -fno-exceptions -m32 -gdwarf-4 -Iinc/ -c drivers/parallel/parallel.c -o drivers/parallel/parallel.o
/usr/local/i386elfgcc/bin/i386-elf-gcc -g -ffreestanding -Wall -Wextra -fno-exceptions -m32 -gdwarf-4 -Iinc/ -c drivers/serial/serial.c -o drivers/serial/serial.o
/usr/local/i386elfgcc/bin/i386-elf-gcc -g -ffreestanding -Wall -Wextra -fno-exceptions -m32 -gdwarf-4 -Iinc/ -c drivers/x86/x86.c -o drivers/x86/x86.o
/usr/local/i386elfgcc/bin/i386-elf-gcc -g -ffreestanding -Wall -Wextra -fno-exceptions -m32 -gdwarf-4 -Iinc/ -c arch/i386/idt.c -o arch/i386/idt.o
/usr/local/i386elfgcc/bin/i386-elf-gcc -g -ffreestanding -Wall -Wextra -fno-exceptions -m32 -gdwarf-4 -Iinc/ -c arch/i386/isr.c -o arch/i386/isr.o
/usr/local/i386elfgcc/bin/i386-elf-gcc -g -ffreestanding -Wall -Wextra -fno-exceptions -m32 -gdwarf-4 -Iinc/ -c arch/i386/ports.c -o arch/i386/ports.o
/usr/local/i386elfgcc/bin/i386-elf-gcc -g -ffreestanding -Wall -Wextra -fno-exceptions -m32 -gdwarf-4 -Iinc/ -c arch/i386/timer.c -o arch/i386/timer.o
/usr/local/i386elfgcc/bin/i386-elf-gcc -g -ffreestanding -Wall -Wextra -fno-exceptions -m32 -gdwarf-4 -Iinc/ -c libc/mem.c -o libc/mem.o
/usr/local/i386elfgcc/bin/i386-elf-gcc -g -ffreestanding -Wall -Wextra -fno-exceptions -m32 -gdwarf-4 -Iinc/ -c libc/string.c -o libc/string.o
i386-elf-ld -o kernel.bin -Ttext 0x1000 boot/kernel_entry.o kern/kernel.o arch/i386/interrupt.o kern/panic.o kern/shell.o drivers/console/console.o drivers/keyboard/keyboard.o drivers/parallel/parallel.o drivers/serial/serial.o drivers/x86/x86.o arch/i386/idt.o arch/i386/isr.o arch/i386/ports.o arch/i386/timer.o libc/mem.o libc/string.o --oformat binary
cat boot/bootsect.bin kernel.bin > lunix.bin
make: Leaving directory '/home/felipe/Documentos/Lunix'
 
