make all --print-data-base --no-builtin-variables --no-builtin-rules --question
# GNU Make 4.3
# Built for x86_64-pc-linux-gnu
# Copyright (C) 1988-2020 Free Software Foundation, Inc.
# License GPLv3+: GNU GPL version 3 or later <http://gnu.org/licenses/gpl.html>
# This is free software: you are free to change and redistribute it.
# There is NO WARRANTY, to the extent permitted by law.

# Make data base, printed on Tue Jul 19 04:43:57 2022

# Variables

# makefile (from 'Makefile', line 10)
SAS = ${S_SOURCES:.s=.o}
# makefile (from 'Makefile', line 8)
OBJ = ${C_SOURCES:.c=.o arch/i386/interrupt.o} 
# environment
GDK_BACKEND = x11
# makefile (from 'Makefile', line 16)
AS = = /usr/local/i386elfgcc/bin/i386-elf-as
# environment
LC_ALL = C
# environment
GNOME_SHELL_SESSION_MODE = ubuntu
# environment
SSH_AGENT_LAUNCHER = gnome-keyring
# environment
GJS_DEBUG_OUTPUT = stderr
# environment
VSCODE_CWD = /home/felipe
# default
MAKE_COMMAND := make
# environment
QT_ACCESSIBILITY = 1
# automatic
@D = $(patsubst %/,%,$(dir $@))
# environment
VSCODE_HANDLES_UNCAUGHT_ERRORS = true
# default
.VARIABLES := 
# environment
PWD = /home/felipe/Documentos/Lunix
# automatic
%D = $(patsubst %/,%,$(dir $%))
# environment
XDG_DATA_DIRS = /usr/share/ubuntu-wayland:/usr/local/share/:/usr/share/:/var/lib/snapd/desktop
# automatic
^D = $(patsubst %/,%,$(dir $^))
# automatic
%F = $(notdir $%)
# environment
VSCODE_CODE_CACHE_PATH = /home/felipe/.config/Code/CachedData/b06ae3b2d2dbfe28bca3134cc6be65935cdfea6a
# environment
LANG = C
# environment
XAUTHORITY = /run/user/1000/.mutter-Xwaylandauth.TPFLP1
# default
.LOADED := 
# default
.INCLUDE_DIRS = /usr/local/include /usr/include /usr/include
# makefile
MAKEFLAGS = pqrR
# makefile
CURDIR := /home/felipe/Documentos/Lunix
# makefile (from 'Makefile', line 9)
ASM = ${ASM_SOURCES:.asm=.o}
# environment
APPLICATION_INSIGHTS_NO_DIAGNOSTIC_CHANNEL = 1
# environment
LESSOPEN = | /usr/bin/lesspipe %s
# automatic
*D = $(patsubst %/,%,$(dir $*))
# environment
MFLAGS = -pqrR
# environment
SSH_AUTH_SOCK = /run/user/1000/keyring/ssh
# default
.SHELLFLAGS := -c
# environment
WAYLAND_DISPLAY = wayland-0
# environment
XDG_CONFIG_DIRS = /etc/xdg/xdg-ubuntu-wayland:/etc/xdg
# automatic
+D = $(patsubst %/,%,$(dir $+))
# environment
XDG_SESSION_DESKTOP = ubuntu-wayland
# makefile (from 'Makefile', line 1)
MAKEFILE_LIST := Makefile
# automatic
@F = $(notdir $@)
# environment
VSCODE_PID = 178393
# environment
XDG_SESSION_TYPE = wayland
# automatic
?D = $(patsubst %/,%,$(dir $?))
# makefile (from 'Makefile', line 15)
GDB = /usr/local/i386elfgcc/bin/i386-elf-gdb
# environment
SESSION_MANAGER = local/felipe-550XBE-350XBE:@/tmp/.ICE-unix/2055,unix/felipe-550XBE-350XBE:/tmp/.ICE-unix/2055
# automatic
*F = $(notdir $*)
# environment
CHROME_DESKTOP = code-url-handler.desktop
# environment
DBUS_SESSION_BUS_ADDRESS = unix:path=/run/user/1000/bus
# automatic
<D = $(patsubst %/,%,$(dir $<))
# environment
VSCODE_NLS_CONFIG = {"locale":"pt-br","availableLanguages":{"*":"pt-br"},"_languagePackId":"dc7ba51c4efcfec965eaa07de065afd6.pt-br","_translationsConfigFile":"/home/felipe/.config/Code/clp/dc7ba51c4efcfec965eaa07de065afd6.pt-br/tcf.json","_cacheRoot":"/home/felipe/.config/Code/clp/dc7ba51c4efcfec965eaa07de065afd6.pt-br","_resolvedLanguagePackCoreLocation":"/home/felipe/.config/Code/clp/dc7ba51c4efcfec965eaa07de065afd6.pt-br/b06ae3b2d2dbfe28bca3134cc6be65935cdfea6a","_corruptedFile":"/home/felipe/.config/Code/clp/dc7ba51c4efcfec965eaa07de065afd6.pt-br/corrupted.info","_languagePackSupport":true}
# default
MAKE_HOST := x86_64-pc-linux-gnu
# environment
GNOME_DESKTOP_SESSION_ID = this-is-deprecated
# makefile
SHELL = /bin/sh
# default
MAKECMDGOALS := all
# environment
XMODIFIERS = @im=ibus
# makefile (from 'Makefile', line 4)
HEADERS = $(wildcard kern/*.h drivers/*.h arch/*/*.h libc/*.h)
# environment
GJS_DEBUG_TOPICS = JS ERROR;JS LOG
# environment
SHLVL = 0
# environment
MAKELEVEL := 0
# environment
IM_CONFIG_CHECK_ENV = 1
# default
MAKE = $(MAKE_COMMAND)
# environment
PATH = /home/felipe/.local/bin:/home/felipe/.local/bin:/usr/local/sbin:/usr/local/bin:/usr/sbin:/usr/bin:/sbin:/bin:/usr/games:/usr/local/games:/snap/bin:/snap/bin
# default
MAKEFILES := 
# environment
LANGUAGE = pt_BR:pt:en
# automatic
^F = $(notdir $^)
# environment
INVOCATION_ID = 9e81427c9eab4771bbef9c88051b111e
# environment
USERNAME = felipe
# environment
GNOME_SETUP_DISPLAY = :2
# environment
LESSCLOSE = /usr/bin/lesspipe %s %s
# automatic
?F = $(notdir $?)
# environment
XDG_CURRENT_DESKTOP = Unity
# environment
LS_COLORS = 
# automatic
+F = $(notdir $+)
# environment
DESKTOP_SESSION = ubuntu-wayland
# environment
ORIGINAL_XDG_CURRENT_DESKTOP = ubuntu:GNOME
# 'override' directive
GNUMAKEFLAGS := 
# environment
LOGNAME = felipe
# environment
GIO_LAUNCHED_DESKTOP_FILE = /usr/share/applications/code.desktop
# makefile
.DEFAULT_GOAL := lunix.img
# environment
SYSTEMD_EXEC_PID = 2073
# environment
DISPLAY = :1
# environment
USER = felipe
# environment
GTK_MODULES = gail:atk-bridge
# default
MAKE_VERSION := 4.3
# environment
MANAGERPID = 1953
# environment
GIO_LAUNCHED_DESKTOP_FILE_PID = 178393
# environment
_ = /usr/share/code/code
# environment
XDG_RUNTIME_DIR = /run/user/1000
# makefile (from 'Makefile', line 20)
CFLAGS = -g -ffreestanding -Wall -Wextra -fno-exceptions -m32 -gdwarf-4 -Iinc/
# makefile (from 'Makefile', line 3)
S_SOURCES = $(wildcard arch/*/*.s)
# environment
JOURNAL_STREAM = 8:32329
# environment
XDG_SESSION_CLASS = user
# environment
VSCODE_AMD_ENTRYPOINT = vs/workbench/api/node/extensionHostProcess
# environment
HOME = /home/felipe
# environment
QT_IM_MODULE = ibus
# environment
ELECTRON_RUN_AS_NODE = 1
# environment
VSCODE_IPC_HOOK = /run/user/1000/vscode-add8bd07-1.69.1-main.sock
# environment
IM_CONFIG_PHASE = 1
# default
.RECIPEPREFIX := 
# automatic
<F = $(notdir $<)
# makefile (from 'Makefile', line 1)
C_SOURCES = $(wildcard kern/*.c drivers/*/*.c  arch/*/*.c libc/*.c)
# default
SUFFIXES := 
# makefile (from 'Makefile', line 2)
ASM_SOURCES = $(wildcard drivers/*/*.asm arch/*/*.asm)
# default
.FEATURES := target-specific order-only second-expansion else-if shortest-stem undefine oneshell nocomment grouped-target extra-prereqs archives jobserver output-sync check-symlink load
# makefile (from 'Makefile', line 14)
CC = /usr/local/i386elfgcc/bin/i386-elf-gcc
# environment
XDG_MENU_PREFIX = gnome-
# environment
GDMSESSION = ubuntu-wayland
# variable set hash-table stats:
# Load=106/1024=10%, Rehash=0, Collisions=4/147=3%

# Pattern-specific Variable Values

# No pattern-specific variable values.

# Directories

# arch (device 2055, inode 1352283): 3 files, no impossibilities.
# drivers/console (device 2055, inode 1351991): 4 files, no impossibilities.
# . (device 2055, inode 1352244): 15 files, no impossibilities.
# kern (device 2055, inode 1352299): 11 files, no impossibilities.
# drivers/x86 (device 2055, inode 1575637): 4 files, no impossibilities.
# drivers/serial (device 2055, inode 1575635): 6 files, no impossibilities.
# drivers/parallel (device 2055, inode 1575636): 5 files, no impossibilities.
# drivers (device 2055, inode 1352294): 7 files, no impossibilities.
# arch/i386 (device 2055, inode 2110471): 18 files, no impossibilities.
# drivers/keyboard (device 2055, inode 1575634): 5 files, no impossibilities.
# libc (device 2055, inode 1352302): 9 files, no impossibilities.

# 87 files, no impossibilities in 11 directories.

# Implicit Rules

%.o: %.c kern/thread.h arch/i386/idt.h arch/i386/type.h libc/function.h libc/mem.h libc/string.h
#  recipe to execute (from 'Makefile', line 51):
	${CC} ${CFLAGS} -c $< -o $@

%.o: %.asm
#  recipe to execute (from 'Makefile', line 54):
	nasm $< -f elf -o $@

%.o: %.s
#  recipe to execute (from 'Makefile', line 57):
	${CC} -c $< -o $@ 

%.bin: %.asm
#  recipe to execute (from 'Makefile', line 60):
	nasm $< -f bin -o $@

# 4 implicit rules, 0 (0.0%) terminal.
# Files

# Not a target:
drivers/console/console.o:
#  Implicit rule search has not been done.
#  Modification time never checked.
#  File has not been updated.

# Not a target:
arch/i386/interrupt.o:
#  Implicit rule search has not been done.
#  Modification time never checked.
#  File has not been updated.

# Not a target:
kern/panic.o:
#  Implicit rule search has not been done.
#  Modification time never checked.
#  File has not been updated.

# Not a target:
drivers/x86/x86.o:
#  Implicit rule search has not been done.
#  Modification time never checked.
#  File has not been updated.

# Not a target:
kernel.elf:
#  Implicit rule search has not been done.
#  Modification time never checked.
#  File has not been updated.

# Not a target:
kern/thread.o:
#  Implicit rule search has not been done.
#  Modification time never checked.
#  File has not been updated.

debug: lunix.bin kernel.elf
#  Implicit rule search has not been done.
#  Modification time never checked.
#  File has not been updated.
#  recipe to execute (from 'Makefile', line 44):
	qemu-system-i386 -s -fda lunix.img -d guest_errors,int &
	${GDB} -ex "target remote localhost:1234" -ex "symbol-file kernel.elf"

# Not a target:
arch/i386/timer.o:
#  Implicit rule search has not been done.
 
make: *** No rule to make target 'all'.  Stop.

#  Modification time never checked.
#  File has not been updated.

# Not a target:
Makefile:
#  Implicit rule search has been done.
#  Last modified 2022-07-19 04:43:46.668077334
#  File has been updated.
#  Successfully updated.

# Not a target:
drivers/parallel/parallel.o:
#  Implicit rule search has not been done.
#  Modification time never checked.
#  File has not been updated.

clean:
#  Implicit rule search has not been done.
#  Modification time never checked.
#  File has not been updated.
#  recipe to execute (from 'Makefile', line 63):
	rm -rf *.bin *.dis *.o lunix.bin *.elf
	rm -rf kern/*.o boot/*.bin drivers/*/*.o boot/*.o cpu/*.o libc/*.o

# Not a target:
arch/i386/ports.o:
#  Implicit rule search has not been done.
#  Modification time never checked.
#  File has not been updated.

# Not a target:
drivers/keyboard/keyboard.o:
#  Implicit rule search has not been done.
#  Modification time never checked.
#  File has not been updated.

# Not a target:
libc/mem.o:
#  Implicit rule search has not been done.
#  Modification time never checked.
#  File has not been updated.

# Not a target:
arch/i386/idt.o:
#  Implicit rule search has not been done.
#  Modification time never checked.
#  File has not been updated.

# Not a target:
.DEFAULT:
#  Implicit rule search has not been done.
#  Modification time never checked.
#  File has not been updated.

# Not a target:
all:
#  Command line target.
#  Implicit rule search has been done.
#  File does not exist.
#  File has not been updated.

# Not a target:
libc/string.o:
#  Implicit rule search has not been done.
#  Modification time never checked.
#  File has not been updated.

run: lunix.bin
#  Implicit rule search has not been done.
#  Modification time never checked.
#  File has not been updated.
#  recipe to execute (from 'Makefile', line 39):
	qemu-system-i386 -fda lunix.img --enable-kvm

# Not a target:
arch/i386/kentry.o:
#  Implicit rule search has not been done.
#  Modification time never checked.
#  File has not been updated.

# Not a target:
kern/shell.o:
#  Implicit rule search has not been done.
#  Modification time never checked.
#  File has not been updated.

# Not a target:
drivers/serial/serial.o:
#  Implicit rule search has not been done.
#  Modification time never checked.
#  File has not been updated.

# Not a target:
arch/i386/switch.o:
#  Implicit rule search has not been done.
#  Modification time never checked.
#  File has not been updated.

lunix.elf: arch/i386/kentry.o kern/kernel.o arch/i386/interrupt.o kern/panic.o arch/i386/interrupt.o kern/shell.o arch/i386/interrupt.o kern/thread.o arch/i386/interrupt.o drivers/console/console.o arch/i386/interrupt.o drivers/keyboard/keyboard.o arch/i386/interrupt.o drivers/parallel/parallel.o arch/i386/interrupt.o drivers/serial/serial.o arch/i386/interrupt.o drivers/x86/x86.o arch/i386/interrupt.o arch/i386/idt.o arch/i386/interrupt.o arch/i386/isr.o arch/i386/interrupt.o arch/i386/ports.o arch/i386/interrupt.o arch/i386/timer.o arch/i386/interrupt.o libc/mem.o arch/i386/interrupt.o libc/string.o arch/i386/interrupt.o drivers/parallel/parallel.o drivers/serial/serial.o arch/i386/interrupt.o arch/i386/kentry.o
#  Implicit rule search has not been done.
#  Modification time never checked.
#  File has not been updated.
#  recipe to execute (from 'Makefile', line 36):
	i386-elf-ld -o $@ -Ttext 0x1000 $^ 

# Not a target:
arch/i386/isr.o:
#  Implicit rule search has not been done.
#  Modification time never checked.
#  File has not been updated.

lunix.bin: arch/i386/kentry.o kern/kernel.o arch/i386/interrupt.o kern/panic.o arch/i386/interrupt.o kern/shell.o arch/i386/interrupt.o kern/thread.o arch/i386/interrupt.o drivers/console/console.o arch/i386/interrupt.o drivers/keyboard/keyboard.o arch/i386/interrupt.o drivers/parallel/parallel.o arch/i386/interrupt.o drivers/serial/serial.o arch/i386/interrupt.o drivers/x86/x86.o arch/i386/interrupt.o arch/i386/idt.o arch/i386/interrupt.o arch/i386/isr.o arch/i386/interrupt.o arch/i386/ports.o arch/i386/interrupt.o arch/i386/timer.o arch/i386/interrupt.o libc/mem.o arch/i386/interrupt.o libc/string.o arch/i386/interrupt.o drivers/parallel/parallel.o drivers/serial/serial.o arch/i386/interrupt.o arch/i386/kentry.o arch/i386/switch.o
#  Implicit rule search has not been done.
#  Modification time never checked.
#  File has not been updated.
#  recipe to execute (from 'Makefile', line 31):
	i386-elf-ld -o $@ -Ttext 0x1000 $^ --oformat binary

# Not a target:
boot/bootsect.bin:
#  Implicit rule search has not been done.
#  Modification time never checked.
#  File has not been updated.

# Not a target:
kern/kernel.o:
#  Implicit rule search has not been done.
#  Modification time never checked.
#  File has not been updated.

lunix.img: boot/bootsect.bin lunix.bin
#  Implicit rule search has not been done.
#  Modification time never checked.
#  File has not been updated.
#  recipe to execute (from 'Makefile', line 25):
	cat $^ > lunix.img

# files hash-table stats:
# Load=30/1024=3%, Rehash=0, Collisions=0/117=0%
# VPATH Search Paths

# No 'vpath' search paths.

# No general ('VPATH' variable) search path.

# strcache buffers: 1 (0) / strings = 114 / storage = 1189 B / avg = 10 B
# current buf: size = 8162 B / used = 1189 B / count = 114 / avg = 10 B

# strcache performance: lookups = 208 / hit rate = 45%
# hash-table stats:
# Load=114/8192=1%, Rehash=0, Collisions=1/208=0%
# Finished Make data base on Tue Jul 19 04:43:57 2022

 
